<?xml version="1.0" encoding="UTF-8"?>
<testsuite name="PresenterTest" tests="1" skipped="0" failures="0" errors="0" timestamp="2019-04-13T21:34:52" hostname="DESKTOP-H2DJQVP" time="0.543">
  <properties/>
  <testcase name="givenDefaultRepository_whenSort_thenListSorted" classname="PresenterTest" time="0.543"/>
  <system-out><![CDATA[]]></system-out>
  <system-err><![CDATA[]]></system-err>
</testsuite>
